2024-11-14 16:44:04,917 - FacebookAnalytics - INFO - Loading environment from: /Users/manuel/Documents/GitHub/fetch_organic_data_meta/.env
2024-11-14 16:44:04,917 - FacebookAnalytics - INFO - Initialized Facebook Analytics for page ID: 124319427612935
2024-11-14 16:44:04,917 - FacebookAnalytics - INFO - Making API request: fetch page details
2024-11-14 16:44:05,340 - FacebookAnalytics - ERROR - API request failed: 400 Client Error: Bad Request for url: https://graph.facebook.com/v18.0/124319427612935?access_token=EAANBzIM0P0UBOZCDd598PSN3JHOG1ibZAwI97qR0CxdZA7D6X3yizINBLdKPSqTjZB7ZAln5gMEaSl3NZCVFgygqulZBnwshIZAAzc4ZC6ZC1Sj2EtZCUNnxz5ZCH4i2i5cO5iZCBkgQNuLL8jvWkCtkWfwMjdwxZBqnoZCQLgREEYekdasGpHVTziBwRM9qujbXQvwpN6MSw1q5TWEZAHERowUZD&fields=name%2Cfan_count%2Cfollowers_count%2Clink%2Cabout%2Ccategory%2Cengagement
2024-11-14 16:44:05,341 - FacebookAnalytics - ERROR - Error response: {"error":{"message":"Any of the pages_read_engagement, pages_manage_metadata,\n        pages_read_user_content, pages_manage_ads, pages_show_list or\n        pages_messaging permission(s) must be granted before impersonating a\n        user's page.","type":"OAuthException","code":190,"fbtrace_id":"AbhiJUoAzHAnxU0RH1HPogf"}}
2024-11-14 16:44:05,341 - root - ERROR - Error in main execution: 400 Client Error: Bad Request for url: https://graph.facebook.com/v18.0/124319427612935?access_token=EAANBzIM0P0UBOZCDd598PSN3JHOG1ibZAwI97qR0CxdZA7D6X3yizINBLdKPSqTjZB7ZAln5gMEaSl3NZCVFgygqulZBnwshIZAAzc4ZC6ZC1Sj2EtZCUNnxz5ZCH4i2i5cO5iZCBkgQNuLL8jvWkCtkWfwMjdwxZBqnoZCQLgREEYekdasGpHVTziBwRM9qujbXQvwpN6MSw1q5TWEZAHERowUZD&fields=name%2Cfan_count%2Cfollowers_count%2Clink%2Cabout%2Ccategory%2Cengagement
2024-11-15 14:32:16,923 - FacebookAnalytics - INFO - Loading environment from: /Users/manuel/Documents/GitHub/fetch_organic_data_meta/.env
2024-11-15 14:32:16,924 - FacebookAnalytics - INFO - Initialized Facebook Analytics for page ID: 124319427612935
2024-11-15 14:32:16,924 - FacebookAnalytics - INFO - Making API request: fetch page details
2024-11-15 14:32:17,654 - FacebookAnalytics - INFO - Making API request: fetch page insights
2024-11-15 14:32:18,085 - FacebookAnalytics - ERROR - API request failed: 400 Client Error: Bad Request for url: https://graph.facebook.com/v18.0/124319427612935/insights?access_token=EAANBzIM0P0UBOw60ocPZBrndEWN7KzJu9GPMMwUzGk8JXZClZBZAY50Fj9umPAekItHZAxQVHZAq6HKySxbX3JWf21gdU6c5Osjc2T82adoLLR6X8b7F0hunUi6n3G4KXpVgegOpHLaU5HxZBW70OidCJ79ZAzRQAEsWzjh0WdpoQfnjFJAuvtzsxfkU46fdHZBugX19wSIlZBJLTVChoZD&metric=page_impressions%2Cpage_engaged_users%2Cpage_post_engagements%2Cpage_views_total%2Cpage_actions_post_reactions_total%2Cpage_fan_adds%2Cpage_fan_removes%2Cpage_negative_feedback%2Cpage_posts_impressions%2Cpage_video_views&period=day&since=1729078336&until=1731673936
2024-11-15 14:32:18,085 - FacebookAnalytics - ERROR - Error response: {"error":{"message":"(#100) The value must be a valid insights metric","type":"OAuthException","code":100,"fbtrace_id":"Ajj1Im5zL9c35_EfJ-B98d3"}}
2024-11-15 14:32:18,086 - root - ERROR - Error in main execution: 400 Client Error: Bad Request for url: https://graph.facebook.com/v18.0/124319427612935/insights?access_token=EAANBzIM0P0UBOw60ocPZBrndEWN7KzJu9GPMMwUzGk8JXZClZBZAY50Fj9umPAekItHZAxQVHZAq6HKySxbX3JWf21gdU6c5Osjc2T82adoLLR6X8b7F0hunUi6n3G4KXpVgegOpHLaU5HxZBW70OidCJ79ZAzRQAEsWzjh0WdpoQfnjFJAuvtzsxfkU46fdHZBugX19wSIlZBJLTVChoZD&metric=page_impressions%2Cpage_engaged_users%2Cpage_post_engagements%2Cpage_views_total%2Cpage_actions_post_reactions_total%2Cpage_fan_adds%2Cpage_fan_removes%2Cpage_negative_feedback%2Cpage_posts_impressions%2Cpage_video_views&period=day&since=1729078336&until=1731673936
2024-11-15 15:51:38,357 - FacebookAnalytics - INFO - Initialized Facebook Analytics for page ID: 124319427612935
2024-11-15 15:51:38,357 - FacebookAnalytics - INFO - Making API request: fetch page details
2024-11-15 15:51:39,317 - FacebookAnalytics - INFO - Making API request: fetch page insights
2024-11-15 15:51:39,854 - FacebookAnalytics - ERROR - API request failed: 400 Client Error: Bad Request for url: https://graph.facebook.com/v18.0/124319427612935/insights?access_token=EAANBzIM0P0UBOw60ocPZBrndEWN7KzJu9GPMMwUzGk8JXZClZBZAY50Fj9umPAekItHZAxQVHZAq6HKySxbX3JWf21gdU6c5Osjc2T82adoLLR6X8b7F0hunUi6n3G4KXpVgegOpHLaU5HxZBW70OidCJ79ZAzRQAEsWzjh0WdpoQfnjFJAuvtzsxfkU46fdHZBugX19wSIlZBJLTVChoZD&metric=page_engaged_users%2Cpage_post_engagements%2Cpage_impressions%2Cpage_impressions_unique%2Cpage_impressions_paid%2Cpage_impressions_organic%2Cpage_consumptions%2Cpage_clicks&period=day&since=1729083098&until=1731678698
2024-11-15 15:51:39,854 - FacebookAnalytics - ERROR - Error response: {"error":{"message":"(#100) The value must be a valid insights metric","type":"OAuthException","code":100,"fbtrace_id":"AW2_Ghn-BlwmtRVsMW8rAnE"}}
2024-11-15 15:51:39,854 - root - ERROR - Error in main execution: 400 Client Error: Bad Request for url: https://graph.facebook.com/v18.0/124319427612935/insights?access_token=EAANBzIM0P0UBOw60ocPZBrndEWN7KzJu9GPMMwUzGk8JXZClZBZAY50Fj9umPAekItHZAxQVHZAq6HKySxbX3JWf21gdU6c5Osjc2T82adoLLR6X8b7F0hunUi6n3G4KXpVgegOpHLaU5HxZBW70OidCJ79ZAzRQAEsWzjh0WdpoQfnjFJAuvtzsxfkU46fdHZBugX19wSIlZBJLTVChoZD&metric=page_engaged_users%2Cpage_post_engagements%2Cpage_impressions%2Cpage_impressions_unique%2Cpage_impressions_paid%2Cpage_impressions_organic%2Cpage_consumptions%2Cpage_clicks&period=day&since=1729083098&until=1731678698
2024-11-15 16:17:13,909 - FacebookAnalytics - INFO - Initialized Facebook Analytics for page ID: 124319427612935
2024-11-15 16:17:13,909 - FacebookAnalytics - INFO - Making API request: fetch page details
2024-11-15 16:17:14,567 - FacebookAnalytics - INFO - Making API request: fetch page insights
2024-11-15 16:17:15,013 - FacebookAnalytics - ERROR - API request failed: 400 Client Error: Bad Request for url: https://graph.facebook.com/v18.0/124319427612935/insights?access_token=EAANBzIM0P0UBOw60ocPZBrndEWN7KzJu9GPMMwUzGk8JXZClZBZAY50Fj9umPAekItHZAxQVHZAq6HKySxbX3JWf21gdU6c5Osjc2T82adoLLR6X8b7F0hunUi6n3G4KXpVgegOpHLaU5HxZBW70OidCJ79ZAzRQAEsWzjh0WdpoQfnjFJAuvtzsxfkU46fdHZBugX19wSIlZBJLTVChoZD&metric=page_engaged_users%2Cpage_post_engagements%2Cpage_impressions%2Cpage_impressions_unique%2Cpage_impressions_paid%2Cpage_impressions_organic%2Cpage_consumptions%2Cpage_clicks&period=day&since=1729084633&until=1731680233
2024-11-15 16:17:15,013 - FacebookAnalytics - ERROR - Error response: {"error":{"message":"(#100) The value must be a valid insights metric","type":"OAuthException","code":100,"fbtrace_id":"AJet1B2Matl75NCyzKdaS2j"}}
2024-11-15 16:17:15,013 - root - ERROR - Error in main execution: 400 Client Error: Bad Request for url: https://graph.facebook.com/v18.0/124319427612935/insights?access_token=EAANBzIM0P0UBOw60ocPZBrndEWN7KzJu9GPMMwUzGk8JXZClZBZAY50Fj9umPAekItHZAxQVHZAq6HKySxbX3JWf21gdU6c5Osjc2T82adoLLR6X8b7F0hunUi6n3G4KXpVgegOpHLaU5HxZBW70OidCJ79ZAzRQAEsWzjh0WdpoQfnjFJAuvtzsxfkU46fdHZBugX19wSIlZBJLTVChoZD&metric=page_engaged_users%2Cpage_post_engagements%2Cpage_impressions%2Cpage_impressions_unique%2Cpage_impressions_paid%2Cpage_impressions_organic%2Cpage_consumptions%2Cpage_clicks&period=day&since=1729084633&until=1731680233
2024-11-15 16:17:46,032 - FacebookAnalytics - INFO - Loading environment from: /Users/manuel/Documents/GitHub/fetch_organic_data_meta/.env
2024-11-15 16:17:46,032 - FacebookAnalytics - INFO - Initialized Facebook Analytics for page ID: 124319427612935
2024-11-15 16:17:46,032 - FacebookAnalytics - INFO - Making API request: fetch page details
2024-11-15 16:17:46,541 - FacebookAnalytics - INFO - Making API request: fetch page insights
2024-11-15 16:17:46,988 - FacebookAnalytics - ERROR - API request failed: 400 Client Error: Bad Request for url: https://graph.facebook.com/v18.0/124319427612935/insights?access_token=EAANBzIM0P0UBOw60ocPZBrndEWN7KzJu9GPMMwUzGk8JXZClZBZAY50Fj9umPAekItHZAxQVHZAq6HKySxbX3JWf21gdU6c5Osjc2T82adoLLR6X8b7F0hunUi6n3G4KXpVgegOpHLaU5HxZBW70OidCJ79ZAzRQAEsWzjh0WdpoQfnjFJAuvtzsxfkU46fdHZBugX19wSIlZBJLTVChoZD&metric=page_impressions_organic%2Cpage_engaged_users%2Cpage_fan_adds%2Cpage_views_total&period=day&since=1729084666&until=1731680266
2024-11-15 16:17:46,988 - FacebookAnalytics - ERROR - Error response: {"error":{"message":"(#100) The value must be a valid insights metric","type":"OAuthException","code":100,"fbtrace_id":"A3CrC6yIS9W1yOxidBmdfwn"}}
2024-11-15 16:17:46,988 - root - ERROR - Error in main execution: 400 Client Error: Bad Request for url: https://graph.facebook.com/v18.0/124319427612935/insights?access_token=EAANBzIM0P0UBOw60ocPZBrndEWN7KzJu9GPMMwUzGk8JXZClZBZAY50Fj9umPAekItHZAxQVHZAq6HKySxbX3JWf21gdU6c5Osjc2T82adoLLR6X8b7F0hunUi6n3G4KXpVgegOpHLaU5HxZBW70OidCJ79ZAzRQAEsWzjh0WdpoQfnjFJAuvtzsxfkU46fdHZBugX19wSIlZBJLTVChoZD&metric=page_impressions_organic%2Cpage_engaged_users%2Cpage_fan_adds%2Cpage_views_total&period=day&since=1729084666&until=1731680266
2024-11-15 16:21:06,049 - FacebookAnalytics - INFO - Loading environment from: /Users/manuel/Documents/GitHub/fetch_organic_data_meta/.env
2024-11-15 16:21:06,050 - FacebookAnalytics - INFO - Initialized Facebook Analytics for page ID: 124319427612935
2024-11-15 16:21:06,050 - FacebookAnalytics - INFO - Making API request: fetch page details
2024-11-15 16:21:06,633 - FacebookAnalytics - INFO - Making API request: fetch page insights
2024-11-15 16:21:07,111 - FacebookAnalytics - ERROR - API request failed: 400 Client Error: Bad Request for url: https://graph.facebook.com/v18.0/124319427612935/insights?access_token=EAANBzIM0P0UBOw60ocPZBrndEWN7KzJu9GPMMwUzGk8JXZClZBZAY50Fj9umPAekItHZAxQVHZAq6HKySxbX3JWf21gdU6c5Osjc2T82adoLLR6X8b7F0hunUi6n3G4KXpVgegOpHLaU5HxZBW70OidCJ79ZAzRQAEsWzjh0WdpoQfnjFJAuvtzsxfkU46fdHZBugX19wSIlZBJLTVChoZD&metric=page_fans%2Cpage_fans_online&period=day&since=1729084866&until=1731680466
2024-11-15 16:21:07,111 - FacebookAnalytics - ERROR - Error response: {"error":{"message":"(#100) The value must be a valid insights metric","type":"OAuthException","code":100,"fbtrace_id":"AF4wQvHnvhk6Cr6HdD8WjxP"}}
2024-11-15 16:21:07,111 - root - ERROR - Error in main execution: 400 Client Error: Bad Request for url: https://graph.facebook.com/v18.0/124319427612935/insights?access_token=EAANBzIM0P0UBOw60ocPZBrndEWN7KzJu9GPMMwUzGk8JXZClZBZAY50Fj9umPAekItHZAxQVHZAq6HKySxbX3JWf21gdU6c5Osjc2T82adoLLR6X8b7F0hunUi6n3G4KXpVgegOpHLaU5HxZBW70OidCJ79ZAzRQAEsWzjh0WdpoQfnjFJAuvtzsxfkU46fdHZBugX19wSIlZBJLTVChoZD&metric=page_fans%2Cpage_fans_online&period=day&since=1729084866&until=1731680466
2024-11-15 16:21:17,608 - FacebookAnalytics - INFO - Loading environment from: /Users/manuel/Documents/GitHub/fetch_organic_data_meta/.env
2024-11-15 16:21:17,609 - FacebookAnalytics - INFO - Initialized Facebook Analytics for page ID: 124319427612935
2024-11-15 16:21:17,609 - FacebookAnalytics - INFO - Making API request: fetch page details
2024-11-15 16:21:18,140 - FacebookAnalytics - INFO - Making API request: fetch page insights
2024-11-15 16:21:18,570 - FacebookAnalytics - ERROR - API request failed: 400 Client Error: Bad Request for url: https://graph.facebook.com/v18.0/124319427612935/insights?access_token=EAANBzIM0P0UBOw60ocPZBrndEWN7KzJu9GPMMwUzGk8JXZClZBZAY50Fj9umPAekItHZAxQVHZAq6HKySxbX3JWf21gdU6c5Osjc2T82adoLLR6X8b7F0hunUi6n3G4KXpVgegOpHLaU5HxZBW70OidCJ79ZAzRQAEsWzjh0WdpoQfnjFJAuvtzsxfkU46fdHZBugX19wSIlZBJLTVChoZD&metric=page_fans%2Cpage_fans_online&period=day&since=1729084877&until=1731680477
2024-11-15 16:21:18,571 - FacebookAnalytics - ERROR - Error response: {"error":{"message":"(#100) The value must be a valid insights metric","type":"OAuthException","code":100,"fbtrace_id":"AaHOxeUxhIdBRdhoGMFfDfo"}}
2024-11-15 16:21:18,571 - root - ERROR - Error in main execution: 400 Client Error: Bad Request for url: https://graph.facebook.com/v18.0/124319427612935/insights?access_token=EAANBzIM0P0UBOw60ocPZBrndEWN7KzJu9GPMMwUzGk8JXZClZBZAY50Fj9umPAekItHZAxQVHZAq6HKySxbX3JWf21gdU6c5Osjc2T82adoLLR6X8b7F0hunUi6n3G4KXpVgegOpHLaU5HxZBW70OidCJ79ZAzRQAEsWzjh0WdpoQfnjFJAuvtzsxfkU46fdHZBugX19wSIlZBJLTVChoZD&metric=page_fans%2Cpage_fans_online&period=day&since=1729084877&until=1731680477
2024-11-15 16:25:10,988 - FacebookAnalytics - INFO - Loading environment from: /Users/manuel/Documents/GitHub/fetch_organic_data_meta/.env
2024-11-15 16:25:10,988 - FacebookAnalytics - INFO - Initialized Facebook Analytics for page ID: 124319427612935
2024-11-15 16:25:10,988 - FacebookAnalytics - INFO - Making API request: fetch page details
2024-11-15 16:25:11,597 - FacebookAnalytics - INFO - Making API request: fetch page insights
2024-11-15 16:25:12,036 - FacebookAnalytics - ERROR - API request failed: 400 Client Error: Bad Request for url: https://graph.facebook.com/v18.0/124319427612935/insights?access_token=EAANBzIM0P0UBOw60ocPZBrndEWN7KzJu9GPMMwUzGk8JXZClZBZAY50Fj9umPAekItHZAxQVHZAq6HKySxbX3JWf21gdU6c5Osjc2T82adoLLR6X8b7F0hunUi6n3G4KXpVgegOpHLaU5HxZBW70OidCJ79ZAzRQAEsWzjh0WdpoQfnjFJAuvtzsxfkU46fdHZBugX19wSIlZBJLTVChoZD&metric=page_impressions%2Cpage_engaged_users%2Cpage_post_engagements%2Cpage_views_total&period=day&since=2024-10-16&until=2024-11-15
2024-11-15 16:25:12,037 - FacebookAnalytics - ERROR - Error response: {"error":{"message":"(#100) The value must be a valid insights metric","type":"OAuthException","code":100,"fbtrace_id":"AvxuL9oopI7BmcQhoSMvrrT"}}
2024-11-15 16:25:12,037 - root - ERROR - Error in main execution: 400 Client Error: Bad Request for url: https://graph.facebook.com/v18.0/124319427612935/insights?access_token=EAANBzIM0P0UBOw60ocPZBrndEWN7KzJu9GPMMwUzGk8JXZClZBZAY50Fj9umPAekItHZAxQVHZAq6HKySxbX3JWf21gdU6c5Osjc2T82adoLLR6X8b7F0hunUi6n3G4KXpVgegOpHLaU5HxZBW70OidCJ79ZAzRQAEsWzjh0WdpoQfnjFJAuvtzsxfkU46fdHZBugX19wSIlZBJLTVChoZD&metric=page_impressions%2Cpage_engaged_users%2Cpage_post_engagements%2Cpage_views_total&period=day&since=2024-10-16&until=2024-11-15
2024-11-15 16:28:31,393 - FacebookAnalytics - INFO - Loading environment from: /Users/manuel/Documents/GitHub/fetch_organic_data_meta/.env
2024-11-15 16:28:31,393 - FacebookAnalytics - INFO - Initialized Facebook Analytics for page ID: 124319427612935
2024-11-15 16:28:31,393 - FacebookAnalytics - INFO - Making API request: fetch page details
2024-11-15 16:28:32,018 - FacebookAnalytics - INFO - Making API request: fetch page insights
2024-11-15 16:28:32,472 - FacebookAnalytics - ERROR - API request failed: 400 Client Error: Bad Request for url: https://graph.facebook.com/v18.0/124319427612935/insights?access_token=EAANBzIM0P0UBOw60ocPZBrndEWN7KzJu9GPMMwUzGk8JXZClZBZAY50Fj9umPAekItHZAxQVHZAq6HKySxbX3JWf21gdU6c5Osjc2T82adoLLR6X8b7F0hunUi6n3G4KXpVgegOpHLaU5HxZBW70OidCJ79ZAzRQAEsWzjh0WdpoQfnjFJAuvtzsxfkU46fdHZBugX19wSIlZBJLTVChoZD&metric=page_fan_adds%2Cpage_fan_removes%2Cpage_views%2Cpage_actions_post_reactions_total&period=day&since=2024-10-16&until=2024-11-15
2024-11-15 16:28:32,472 - FacebookAnalytics - ERROR - Error response: {"error":{"message":"(#100) The value must be a valid insights metric","type":"OAuthException","code":100,"fbtrace_id":"ADJA_f4HrW7VQyi98f0aBOw"}}
2024-11-15 16:28:32,472 - root - ERROR - Error in main execution: 400 Client Error: Bad Request for url: https://graph.facebook.com/v18.0/124319427612935/insights?access_token=EAANBzIM0P0UBOw60ocPZBrndEWN7KzJu9GPMMwUzGk8JXZClZBZAY50Fj9umPAekItHZAxQVHZAq6HKySxbX3JWf21gdU6c5Osjc2T82adoLLR6X8b7F0hunUi6n3G4KXpVgegOpHLaU5HxZBW70OidCJ79ZAzRQAEsWzjh0WdpoQfnjFJAuvtzsxfkU46fdHZBugX19wSIlZBJLTVChoZD&metric=page_fan_adds%2Cpage_fan_removes%2Cpage_views%2Cpage_actions_post_reactions_total&period=day&since=2024-10-16&until=2024-11-15
2024-11-15 16:29:56,929 - FacebookAnalytics - INFO - Loading environment from: /Users/manuel/Documents/GitHub/fetch_organic_data_meta/.env
2024-11-15 16:29:56,930 - FacebookAnalytics - INFO - Initialized Facebook Analytics for page ID: 124319427612935
2024-11-15 16:29:56,930 - FacebookAnalytics - INFO - Making API request: fetch page details
2024-11-15 16:29:57,543 - FacebookAnalytics - INFO - Making API request: fetch page insights
2024-11-15 16:29:57,982 - FacebookAnalytics - ERROR - API request failed: 400 Client Error: Bad Request for url: https://graph.facebook.com/v18.0/124319427612935/insights?access_token=EAANBzIM0P0UBOw60ocPZBrndEWN7KzJu9GPMMwUzGk8JXZClZBZAY50Fj9umPAekItHZAxQVHZAq6HKySxbX3JWf21gdU6c5Osjc2T82adoLLR6X8b7F0hunUi6n3G4KXpVgegOpHLaU5HxZBW70OidCJ79ZAzRQAEsWzjh0WdpoQfnjFJAuvtzsxfkU46fdHZBugX19wSIlZBJLTVChoZD&metric=page_total_actions%2Cpage_views_total%2Cpage_engaged_users%2Cpage_impressions&date_preset=last_30d
2024-11-15 16:29:57,983 - FacebookAnalytics - ERROR - Error response: {"error":{"message":"(#100) The value must be a valid insights metric","type":"OAuthException","code":100,"fbtrace_id":"AKcciMSNxGxzsfbbWk7lGfj"}}
2024-11-15 16:29:57,983 - root - ERROR - Error in main execution: 400 Client Error: Bad Request for url: https://graph.facebook.com/v18.0/124319427612935/insights?access_token=EAANBzIM0P0UBOw60ocPZBrndEWN7KzJu9GPMMwUzGk8JXZClZBZAY50Fj9umPAekItHZAxQVHZAq6HKySxbX3JWf21gdU6c5Osjc2T82adoLLR6X8b7F0hunUi6n3G4KXpVgegOpHLaU5HxZBW70OidCJ79ZAzRQAEsWzjh0WdpoQfnjFJAuvtzsxfkU46fdHZBugX19wSIlZBJLTVChoZD&metric=page_total_actions%2Cpage_views_total%2Cpage_engaged_users%2Cpage_impressions&date_preset=last_30d
2024-11-15 16:31:53,127 - FacebookAnalytics - INFO - Loading environment from: /Users/manuel/Documents/GitHub/fetch_organic_data_meta/.env
2024-11-15 16:31:53,127 - FacebookAnalytics - INFO - Initialized Facebook Analytics for page ID: 124319427612935
2024-11-15 16:31:53,127 - FacebookAnalytics - INFO - Making API request: fetch page details
2024-11-15 16:31:53,809 - FacebookAnalytics - INFO - Making API request: fetch page insights
2024-11-15 16:31:54,535 - FacebookAnalytics - INFO - Data saved in /Users/manuel/Documents/GitHub/fetch_organic_data_meta/data/20241115_163154
2024-11-15 16:41:16,575 - FacebookAnalytics - INFO - Loading environment from: /Users/manuel/Documents/GitHub/fetch_organic_data_meta/.env
2024-11-15 16:41:16,575 - FacebookAnalytics - INFO - Initialized Facebook Analytics for page ID: 124319427612935
2024-11-15 16:41:16,576 - FacebookAnalytics - INFO - Making API request: fetch page details
2024-11-15 16:41:17,204 - FacebookAnalytics - INFO - Making API request: fetch page insights
2024-11-15 16:41:17,689 - FacebookAnalytics - ERROR - API request failed: 400 Client Error: Bad Request for url: https://graph.facebook.com/v18.0/124319427612935/insights?access_token=EAANBzIM0P0UBOw60ocPZBrndEWN7KzJu9GPMMwUzGk8JXZClZBZAY50Fj9umPAekItHZAxQVHZAq6HKySxbX3JWf21gdU6c5Osjc2T82adoLLR6X8b7F0hunUi6n3G4KXpVgegOpHLaU5HxZBW70OidCJ79ZAzRQAEsWzjh0WdpoQfnjFJAuvtzsxfkU46fdHZBugX19wSIlZBJLTVChoZD&metric=page_views_total%2Cpage_engaged_users&period=day&limit=100
2024-11-15 16:41:17,689 - FacebookAnalytics - ERROR - Error response: {"error":{"message":"(#100) The value must be a valid insights metric","type":"OAuthException","code":100,"fbtrace_id":"A4MQttx9xloPMmV3kCYKg_V"}}
2024-11-15 16:41:17,689 - root - ERROR - Error in main execution: 400 Client Error: Bad Request for url: https://graph.facebook.com/v18.0/124319427612935/insights?access_token=EAANBzIM0P0UBOw60ocPZBrndEWN7KzJu9GPMMwUzGk8JXZClZBZAY50Fj9umPAekItHZAxQVHZAq6HKySxbX3JWf21gdU6c5Osjc2T82adoLLR6X8b7F0hunUi6n3G4KXpVgegOpHLaU5HxZBW70OidCJ79ZAzRQAEsWzjh0WdpoQfnjFJAuvtzsxfkU46fdHZBugX19wSIlZBJLTVChoZD&metric=page_views_total%2Cpage_engaged_users&period=day&limit=100
2024-11-15 16:42:35,461 - FacebookAnalytics - INFO - Loading environment from: /Users/manuel/Documents/GitHub/fetch_organic_data_meta/.env
2024-11-15 16:42:35,462 - FacebookAnalytics - INFO - Initialized Facebook Analytics for page ID: 124319427612935
2024-11-15 16:42:35,462 - FacebookAnalytics - INFO - Making API request: fetch page details
2024-11-15 16:42:36,160 - FacebookAnalytics - INFO - Making API request: fetch posts data
